
PyMarkLoader constructed
Compiling all modules...

>>>>>

______________________________

Pymark beginning...

______________________________

Importing modules...

Importing Module "example_module"

Imported 1 out of 1 modules.

______________________________

Compiling Modules...

Compiling module "example_module"


Compiled 1 out of 1 modules.

Compiling Constants...
______________________________

            Done
______________________________


>>>>>

Loading All Modules...
Loading Module "constants"...
Loading Module "example_module"...
